#
# There is insufficient memory for the Java Runtime Environment to continue.
# Native memory allocation (malloc) failed to allocate 502928 bytes for Chunk::new
# Possible reasons:
#   The system is out of physical RAM or swap space
#   In 32 bit mode, the process size limit was hit
# Possible solutions:
#   Reduce memory load on the system
#   Increase physical memory or swap space
#   Check if swap backing store is full
#   Use 64 bit Java on a 64 bit OS
#   Decrease Java heap size (-Xmx/-Xms)
#   Decrease number of Java threads
#   Decrease Java thread stack sizes (-Xss)
#   Set larger code cache with -XX:ReservedCodeCacheSize=
# This output file may be truncated or incomplete.
#
#  Out of Memory Error (allocation.cpp:390), pid=7172, tid=0x0000000000004678
#
# JRE version: OpenJDK Runtime Environment (8.0_152-b01) (build 1.8.0_152-release-915-b01)
# Java VM: OpenJDK 64-Bit Server VM (25.152-b01 mixed mode windows-amd64 compressed oops)
# Failed to write core dump. Minidumps are not enabled by default on client versions of Windows
#

---------------  T H R E A D  ---------------

Current thread (0x000000001822f800):  JavaThread "C2 CompilerThread1" daemon [_thread_in_native, id=18040, stack(0x0000000019a90000,0x0000000019b90000)]

Stack: [0x0000000019a90000,0x0000000019b90000]
[error occurred during error reporting (printing stack bounds), id 0xc0000005]

Native frames: (J=compiled Java code, j=interpreted, Vv=VM code, C=native code)


Current CompileTask:
C2:  23158 10241       4       org.gradle.internal.service.DefaultServiceRegistry$OwnServices$ProviderAnalyser::analyseType (78 bytes)


---------------  P R O C E S S  ---------------

Java Threads: ( => current thread )
  0x000000001e907000 JavaThread "Cache worker for file hash cache (C:\Users\Meu computador\Desktop\Work\RadioControleAndroid-master\.gradle\4.10.1\fileHashes)" [_thread_blocked, id=11968, stack(0x0000000027330000,0x0000000027430000)]
  0x000000001e905800 JavaThread "Stdin handler" [_thread_blocked, id=8500, stack(0x0000000027230000,0x0000000027330000)]
  0x000000001e907800 JavaThread "Asynchronous log dispatcher for DefaultDaemonConnection: socket connection from /127.0.0.1:54849 to /127.0.0.1:54909" [_thread_blocked, id=18352, stack(0x0000000027130000,0x0000000027230000)]
  0x000000001e904800 JavaThread "Cancel handler" [_thread_blocked, id=16576, stack(0x0000000027030000,0x0000000027130000)]
  0x000000001e902800 JavaThread "Handler for socket connection from /127.0.0.1:54849 to /127.0.0.1:54909" [_thread_in_native, id=13272, stack(0x0000000026f30000,0x0000000027030000)]
  0x000000001e90a800 JavaThread "Memory manager" [_thread_blocked, id=16840, stack(0x0000000026330000,0x0000000026430000)]
  0x000000001e90a000 JavaThread "pool-2-thread-1" [_thread_blocked, id=6548, stack(0x0000000026030000,0x0000000026130000)]
  0x000000001e906000 JavaThread "pool-1-thread-1" [_thread_blocked, id=16880, stack(0x0000000024390000,0x0000000024490000)]
  0x000000001c62a800 JavaThread "Cache worker for Artifact transforms cache (C:\Users\Meu computador\.gradle\caches\transforms-1)" [_thread_blocked, id=8272, stack(0x0000000021e00000,0x0000000021f00000)]
  0x000000001c627800 JavaThread "Cache worker for journal cache (C:\Users\Meu computador\.gradle\caches\journal-1)" [_thread_blocked, id=9168, stack(0x000000001ff60000,0x0000000020060000)]
  0x000000001c6b8000 JavaThread "File lock request listener" [_thread_in_native, id=18196, stack(0x000000001ed90000,0x000000001ee90000)]
  0x000000001c633800 JavaThread "Cache worker for file hash cache (C:\Users\Meu computador\.gradle\caches\4.10.1\fileHashes)" [_thread_blocked, id=16932, stack(0x000000001ec90000,0x000000001ed90000)]
  0x000000001bab9800 JavaThread "Daemon worker" [_thread_in_native, id=8004, stack(0x000000001d5c0000,0x000000001d6c0000)]
  0x000000001acd3800 JavaThread "Daemon periodic checks" [_thread_blocked, id=14516, stack(0x000000001d2c0000,0x000000001d3c0000)]
  0x000000001bc52800 JavaThread "Daemon" [_thread_blocked, id=2292, stack(0x000000001d1c0000,0x000000001d2c0000)]
  0x000000001b77e800 JavaThread "Incoming local TCP Connector on port 54849" [_thread_in_native, id=1652, stack(0x000000001cf70000,0x000000001d070000)]
  0x0000000019ca9800 JavaThread "Service Thread" daemon [_thread_blocked, id=17568, stack(0x000000001a090000,0x000000001a190000)]
  0x0000000018238800 JavaThread "C1 CompilerThread2" daemon [_thread_blocked, id=6784, stack(0x0000000019b90000,0x0000000019c90000)]
=>0x000000001822f800 JavaThread "C2 CompilerThread1" daemon [_thread_in_native, id=18040, stack(0x0000000019a90000,0x0000000019b90000)]
  0x000000001822c000 JavaThread "C2 CompilerThread0" daemon [_thread_blocked, id=17040, stack(0x0000000019990000,0x0000000019a90000)]
  0x000000001822a800 JavaThread "Attach Listener" daemon [_thread_blocked, id=16236, stack(0x0000000019890000,0x0000000019990000)]
  0x0000000018229800 JavaThread "Signal Dispatcher" daemon [_thread_blocked, id=16608, stack(0x0000000019790000,0x0000000019890000)]
  0x0000000018218800 JavaThread "Finalizer" daemon [_thread_blocked, id=14896, stack(0x0000000019490000,0x0000000019590000)]
  0x00000000048b1800 JavaThread "Reference Handler" daemon [_thread_blocked, id=5824, stack(0x0000000019390000,0x0000000019490000)]
  0x000000000461e000 JavaThread "main" [_thread_blocked, id=11756, stack(0x00000000046c0000,0x00000000047c0000)]

Other Threads:
  0x00000000181f7000 VMThread [stack: 0x0000000019290000,0x0000000019390000] [id=12344]
  0x0000000019cc2000 WatcherThread [stack: 0x000000001a190000,0x000000001a290000] [id=12048]

VM state:not at safepoint (normal execution)

VM Mutex/Monitor currently owned by a thread: None

Heap:
 PSYoungGen      total 328192K, used 201949K [0x00000000e0000000, 0x00000000fb980000, 0x0000000100000000)
  eden space 302592K, 58% used [0x00000000e0000000,0x00000000eac3e650,0x00000000f2780000)
  from space 25600K, 99% used [0x00000000f2780000,0x00000000f4079028,0x00000000f4080000)
  to   space 34304K, 0% used [0x00000000f9800000,0x00000000f9800000,0x00000000fb980000)
 ParOldGen       total 199168K, used 45061K [0x00000000a0000000, 0x00000000ac280000, 0x00000000e0000000)
  object space 199168K, 22% used [0x00000000a0000000,0x00000000a2c016f0,0x00000000ac280000)
 Metaspace       used 85321K, capacity 88470K, committed 88744K, reserved 1126400K
  class space    used 11280K, capacity 12083K, committed 12208K, reserved 1048576K

Card table byte_map: [0x0000000013c80000,0x0000000013f90000] byte_map_base: 0x0000000013780000

Marking Bits: (ParMarkBitMap*) 0x00000000695a3950
 Begin Bits: [0x0000000014590000, 0x0000000015d90000)
 End Bits:   [0x0000000015d90000, 0x0000000017590000)

Polling page: 0x0000000002d50000

CodeCache: size=245760Kb used=28129Kb max_used=30473Kb free=217630Kb
 bounds [0x00000000048c0000, 0x00000000066d0000, 0x00000000138c0000]
 total_blobs=9370 nmethods=8546 adapters=736
 compilation: enabled

Compilation events (10 events):
Event: 23.024 Thread 0x0000000018238800 10234       3       java.lang.ProcessEnvironment$CheckedEntrySet$1::next (5 bytes)
Event: 23.024 Thread 0x0000000018238800 nmethod 10234 0x0000000005263a50 code [0x0000000005263be0, 0x00000000052640a8]
Event: 23.025 Thread 0x0000000018238800 10240       1       org.gradle.internal.logging.sink.OutputEventRenderer::access$800 (5 bytes)
Event: 23.025 Thread 0x0000000018238800 nmethod 10240 0x00000000065c55d0 code [0x00000000065c5720, 0x00000000065c5810]
Event: 23.037 Thread 0x0000000018238800 10242       3       sun.util.calendar.Gregorian::newCalendarDate (9 bytes)
Event: 23.037 Thread 0x0000000018238800 nmethod 10242 0x0000000005265a10 code [0x0000000005265b80, 0x0000000005265dc8]
Event: 23.037 Thread 0x0000000018238800 10243       3       sun.util.calendar.CalendarDate::<init> (16 bytes)
Event: 23.038 Thread 0x0000000018238800 nmethod 10243 0x00000000050624d0 code [0x0000000005062620, 0x00000000050627f0]
Event: 23.039 Thread 0x000000001822c000 10244       4       java.io.DataOutputStream::writeLong (118 bytes)
Event: 23.040 Thread 0x000000001822c000 nmethod 10244 0x0000000005279f90 code [0x000000000527a0e0, 0x000000000527a238]

GC Heap History (10 events):
Event: 8.055 GC heap before
{Heap before GC invocations=10 (full 2):
 PSYoungGen      total 156160K, used 156128K [0x00000000e0000000, 0x00000000efd80000, 0x0000000100000000)
  eden space 142336K, 100% used [0x00000000e0000000,0x00000000e8b00000,0x00000000e8b00000)
  from space 13824K, 99% used [0x00000000e8b00000,0x00000000e98781b8,0x00000000e9880000)
  to   space 17920K, 0% used [0x00000000eec00000,0x00000000eec00000,0x00000000efd80000)
 ParOldGen       total 152064K, used 19820K [0x00000000a0000000, 0x00000000a9480000, 0x00000000e0000000)
  object space 152064K, 13% used [0x00000000a0000000,0x00000000a135b270,0x00000000a9480000)
 Metaspace       used 56652K, capacity 57832K, committed 58024K, reserved 1099776K
  class space    used 7666K, capacity 8029K, committed 8112K, reserved 1048576K
Event: 8.072 GC heap after
Heap after GC invocations=10 (full 2):
 PSYoungGen      total 234496K, used 17915K [0x00000000e0000000, 0x00000000eff80000, 0x0000000100000000)
  eden space 216576K, 0% used [0x00000000e0000000,0x00000000e0000000,0x00000000ed380000)
  from space 17920K, 99% used [0x00000000eec00000,0x00000000efd7ed70,0x00000000efd80000)
  to   space 22528K, 0% used [0x00000000ed380000,0x00000000ed380000,0x00000000ee980000)
 ParOldGen       total 152064K, used 25309K [0x00000000a0000000, 0x00000000a9480000, 0x00000000e0000000)
  object space 152064K, 16% used [0x00000000a0000000,0x00000000a18b7490,0x00000000a9480000)
 Metaspace       used 56652K, capacity 57832K, committed 58024K, reserved 1099776K
  class space    used 7666K, capacity 8029K, committed 8112K, reserved 1048576K
}
Event: 8.131 GC heap before
{Heap before GC invocations=11 (full 2):
 PSYoungGen      total 234496K, used 31847K [0x00000000e0000000, 0x00000000eff80000, 0x0000000100000000)
  eden space 216576K, 6% used [0x00000000e0000000,0x00000000e0d9b1b0,0x00000000ed380000)
  from space 17920K, 99% used [0x00000000eec00000,0x00000000efd7ed70,0x00000000efd80000)
  to   space 22528K, 0% used [0x00000000ed380000,0x00000000ed380000,0x00000000ee980000)
 ParOldGen       total 152064K, used 25309K [0x00000000a0000000, 0x00000000a9480000, 0x00000000e0000000)
  object space 152064K, 16% used [0x00000000a0000000,0x00000000a18b7490,0x00000000a9480000)
 Metaspace       used 57823K, capacity 58996K, committed 59160K, reserved 1099776K
  class space    used 7737K, capacity 8095K, committed 8112K, reserved 1048576K
Event: 8.144 GC heap after
Heap after GC invocations=11 (full 2):
 PSYoungGen      total 239104K, used 15744K [0x00000000e0000000, 0x00000000f5980000, 0x0000000100000000)
  eden space 216576K, 0% used [0x00000000e0000000,0x00000000e0000000,0x00000000ed380000)
  from space 22528K, 69% used [0x00000000ed380000,0x00000000ee2e02e8,0x00000000ee980000)
  to   space 23040K, 0% used [0x00000000f4300000,0x00000000f4300000,0x00000000f5980000)
 ParOldGen       total 152064K, used 25317K [0x00000000a0000000, 0x00000000a9480000, 0x00000000e0000000)
  object space 152064K, 16% used [0x00000000a0000000,0x00000000a18b9490,0x00000000a9480000)
 Metaspace       used 57823K, capacity 58996K, committed 59160K, reserved 1099776K
  class space    used 7737K, capacity 8095K, committed 8112K, reserved 1048576K
}
Event: 8.144 GC heap before
{Heap before GC invocations=12 (full 3):
 PSYoungGen      total 239104K, used 15744K [0x00000000e0000000, 0x00000000f5980000, 0x0000000100000000)
  eden space 216576K, 0% used [0x00000000e0000000,0x00000000e0000000,0x00000000ed380000)
  from space 22528K, 69% used [0x00000000ed380000,0x00000000ee2e02e8,0x00000000ee980000)
  to   space 23040K, 0% used [0x00000000f4300000,0x00000000f4300000,0x00000000f5980000)
 ParOldGen       total 152064K, used 25317K [0x00000000a0000000, 0x00000000a9480000, 0x00000000e0000000)
  object space 152064K, 16% used [0x00000000a0000000,0x00000000a18b9490,0x00000000a9480000)
 Metaspace       used 57823K, capacity 58996K, committed 59160K, reserved 1099776K
  class space    used 7737K, capacity 8095K, committed 8112K, reserved 1048576K
Event: 8.359 GC heap after
Heap after GC invocations=12 (full 3):
 PSYoungGen      total 239104K, used 0K [0x00000000e0000000, 0x00000000f5980000, 0x0000000100000000)
  eden space 216576K, 0% used [0x00000000e0000000,0x00000000e0000000,0x00000000ed380000)
  from space 22528K, 0% used [0x00000000ed380000,0x00000000ed380000,0x00000000ee980000)
  to   space 23040K, 0% used [0x00000000f4300000,0x00000000f4300000,0x00000000f5980000)
 ParOldGen       total 199168K, used 29753K [0x00000000a0000000, 0x00000000ac280000, 0x00000000e0000000)
  object space 199168K, 14% used [0x00000000a0000000,0x00000000a1d0e4c8,0x00000000ac280000)
 Metaspace       used 57823K, capacity 58996K, committed 59160K, reserved 1099776K
  class space    used 7737K, capacity 8095K, committed 8112K, reserved 1048576K
}
Event: 12.717 GC heap before
{Heap before GC invocations=13 (full 3):
 PSYoungGen      total 239104K, used 216576K [0x00000000e0000000, 0x00000000f5980000, 0x0000000100000000)
  eden space 216576K, 100% used [0x00000000e0000000,0x00000000ed380000,0x00000000ed380000)
  from space 22528K, 0% used [0x00000000ed380000,0x00000000ed380000,0x00000000ee980000)
  to   space 23040K, 0% used [0x00000000f4300000,0x00000000f4300000,0x00000000f5980000)
 ParOldGen       total 199168K, used 29753K [0x00000000a0000000, 0x00000000ac280000, 0x00000000e0000000)
  object space 199168K, 14% used [0x00000000a0000000,0x00000000a1d0e4c8,0x00000000ac280000)
 Metaspace       used 69267K, capacity 71084K, committed 71208K, reserved 1110016K
  class space    used 9185K, capacity 9724K, committed 9776K, reserved 1048576K
Event: 12.740 GC heap after
Heap after GC invocations=13 (full 3):
 PSYoungGen      total 314368K, used 22693K [0x00000000e0000000, 0x00000000f5980000, 0x0000000100000000)
  eden space 291328K, 0% used [0x00000000e0000000,0x00000000e0000000,0x00000000f1c80000)
  from space 23040K, 98% used [0x00000000f4300000,0x00000000f5929618,0x00000000f5980000)
  to   space 25600K, 0% used [0x00000000f2780000,0x00000000f2780000,0x00000000f4080000)
 ParOldGen       total 199168K, used 29761K [0x00000000a0000000, 0x00000000ac280000, 0x00000000e0000000)
  object space 199168K, 14% used [0x00000000a0000000,0x00000000a1d104c8,0x00000000ac280000)
 Metaspace       used 69267K, capacity 71084K, committed 71208K, reserved 1110016K
  class space    used 9185K, capacity 9724K, committed 9776K, reserved 1048576K
}
Event: 15.016 GC heap before
{Heap before GC invocations=14 (full 3):
 PSYoungGen      total 314368K, used 314021K [0x00000000e0000000, 0x00000000f5980000, 0x0000000100000000)
  eden space 291328K, 100% used [0x00000000e0000000,0x00000000f1c80000,0x00000000f1c80000)
  from space 23040K, 98% used [0x00000000f4300000,0x00000000f5929618,0x00000000f5980000)
  to   space 25600K, 0% used [0x00000000f2780000,0x00000000f2780000,0x00000000f4080000)
 ParOldGen       total 199168K, used 29761K [0x00000000a0000000, 0x00000000ac280000, 0x00000000e0000000)
  object space 199168K, 14% used [0x00000000a0000000,0x00000000a1d104c8,0x00000000ac280000)
 Metaspace       used 78341K, capacity 81192K, committed 81320K, reserved 1120256K
  class space    used 10616K, capacity 11385K, committed 11440K, reserved 1048576K
Event: 15.048 GC heap after
Heap after GC invocations=14 (full 3):
 PSYoungGen      total 328192K, used 25572K [0x00000000e0000000, 0x00000000fb980000, 0x0000000100000000)
  eden space 302592K, 0% used [0x00000000e0000000,0x00000000e0000000,0x00000000f2780000)
  from space 25600K, 99% used [0x00000000f2780000,0x00000000f4079028,0x00000000f4080000)
  to   space 34304K, 0% used [0x00000000f9800000,0x00000000f9800000,0x00000000fb980000)
 ParOldGen       total 199168K, used 45061K [0x00000000a0000000, 0x00000000ac280000, 0x00000000e0000000)
  object space 199168K, 22% used [0x00000000a0000000,0x00000000a2c016f0,0x00000000ac280000)
 Metaspace       used 78341K, capacity 81192K, committed 81320K, reserved 1120256K
  class space    used 10616K, capacity 11385K, committed 11440K, reserved 1048576K
}

Deoptimization events (10 events):
Event: 19.635 Thread 0x000000001bc52800 Uncommon trap: reason=unstable_if action=reinterpret pc=0x0000000005174f60 method=java.io.ObjectOutputStream$HandleTable.assign(Ljava/lang/Object;)I @ 24
Event: 19.637 Thread 0x000000001bc52800 Uncommon trap: reason=unstable_if action=reinterpret pc=0x0000000004b6362c method=com.esotericsoftware.kryo.io.Output.writeBytes([BII)V @ 61
Event: 19.638 Thread 0x000000001bc52800 Uncommon trap: reason=unstable_if action=reinterpret pc=0x00000000057b6e24 method=com.esotericsoftware.kryo.io.Output.writeBytes([BII)V @ 61
Event: 19.638 Thread 0x000000001bc52800 Uncommon trap: reason=unstable_if action=reinterpret pc=0x00000000057a5c98 method=com.esotericsoftware.kryo.io.Output.writeBytes([BII)V @ 61
Event: 19.639 Thread 0x000000001bc52800 Uncommon trap: reason=unstable_if action=reinterpret pc=0x00000000057b1838 method=com.esotericsoftware.kryo.io.Output.writeBytes([BII)V @ 61
Event: 19.642 Thread 0x000000001bc52800 Uncommon trap: reason=unstable_if action=reinterpret pc=0x0000000005b2a38c method=com.esotericsoftware.kryo.io.Output.writeBytes([BII)V @ 61
Event: 22.999 Thread 0x000000001e902800 Uncommon trap: reason=bimorphic action=maybe_recompile pc=0x00000000062f0c54 method=java.io.DataInputStream.readChar()C @ 4
Event: 22.999 Thread 0x000000001e902800 Uncommon trap: reason=bimorphic action=maybe_recompile pc=0x00000000062f0c54 method=java.io.DataInputStream.readChar()C @ 4
Event: 22.999 Thread 0x000000001e902800 Uncommon trap: reason=bimorphic action=maybe_recompile pc=0x00000000062f0c54 method=java.io.DataInputStream.readChar()C @ 4
Event: 22.999 Thread 0x000000001e902800 Uncommon trap: reason=bimorphic action=maybe_recompile pc=0x00000000062f0c54 method=java.io.DataInputStream.readChar()C @ 4

Classes redefined (0 events):
No events

Internal exceptions (10 events):
Event: 15.801 Thread 0x000000001bab9800 Implicit null exception at 0x000000000628f3d8 to 0x000000000628f50d
Event: 18.395 Thread 0x000000001bab9800 Implicit null exception at 0x00000000063f3795 to 0x00000000063f38dd
Event: 18.749 Thread 0x000000001bab9800 Exception <a 'java/lang/NoSuchMethodError': java.lang.Object.lambda$negate$1(Ljava/lang/Object;)Z> (0x00000000e6f45418) thrown at [D:\src\AOSP-openjdk-cygwin\jdk8u\hotspot\src\share\vm\interpreter\linkResolver.cpp, line 584]
Event: 19.245 Thread 0x000000001bab9800 Exception <a 'java/lang/ClassNotFoundException': java/util/CollectionsBeanInfo> (0x00000000e8aa91e8) thrown at [D:\src\AOSP-openjdk-cygwin\jdk8u\hotspot\src\share\vm\classfile\systemDictionary.cpp, line 210]
Event: 19.245 Thread 0x000000001bab9800 Exception <a 'java/lang/ClassNotFoundException': java/util/CollectionsCustomizer> (0x00000000e8ab1370) thrown at [D:\src\AOSP-openjdk-cygwin\jdk8u\hotspot\src\share\vm\classfile\systemDictionary.cpp, line 210]
Event: 19.636 Thread 0x000000001bc52800 Exception <a 'java/lang/NoSuchMethodError': <clinit>> (0x00000000ea013a98) thrown at [D:\src\AOSP-openjdk-cygwin\jdk8u\hotspot\src\share\vm\prims\jni.cpp, line 1613]
Event: 19.637 Thread 0x000000001bc52800 Exception <a 'java/lang/NoSuchMethodError': <clinit>> (0x00000000ea020280) thrown at [D:\src\AOSP-openjdk-cygwin\jdk8u\hotspot\src\share\vm\prims\jni.cpp, line 1613]
Event: 19.638 Thread 0x000000001bc52800 Exception <a 'java/lang/NoSuchMethodError': <clinit>> (0x00000000ea029550) thrown at [D:\src\AOSP-openjdk-cygwin\jdk8u\hotspot\src\share\vm\prims\jni.cpp, line 1613]
Event: 19.645 Thread 0x000000001bc52800 Exception <a 'java/lang/NoSuchMethodError': <clinit>> (0x00000000ea042bb0) thrown at [D:\src\AOSP-openjdk-cygwin\jdk8u\hotspot\src\share\vm\prims\jni.cpp, line 1613]
Event: 19.645 Thread 0x000000001bc52800 Exception <a 'java/lang/NoSuchMethodError': <clinit>> (0x00000000ea052ea0) thrown at [D:\src\AOSP-openjdk-cygwin\jdk8u\hotspot\src\share\vm\prims\jni.cpp, line 1613]

Events (10 events):
Event: 23.024 Thread 0x0000000018238800 flushing nmethod 0x00000000064c4810
Event: 23.024 Thread 0x0000000018238800 flushing nmethod 0x00000000064c6f10
Event: 23.024 Thread 0x0000000018238800 flushing nmethod 0x00000000064d1010
Event: 23.025 Thread 0x0000000018238800 flushing nmethod 0x000000000652d010
Event: 23.025 Thread 0x0000000018238800 flushing nmethod 0x000000000652d350
Event: 23.025 Thread 0x0000000018238800 flushing nmethod 0x0000000006585e90
Event: 23.025 Thread 0x0000000018238800 flushing nmethod 0x00000000065ac490
Event: 23.025 Thread 0x0000000018238800 flushing nmethod 0x00000000065c55d0
Event: 23.025 Thread 0x0000000018238800 flushing nmethod 0x0000000006647450
Event: 23.028 Thread 0x000000001e907000 Thread added: 0x000000001e907000


Dynamic libraries:
0x00007ff73aeb0000 - 0x00007ff73aee1000 	D:\Androidmanager\Android\Android Studio\jre\bin\java.exe
0x00007fff25bc0000 - 0x00007fff25da0000 	C:\WINDOWS\SYSTEM32\ntdll.dll
0x00007fff25620000 - 0x00007fff256ce000 	C:\WINDOWS\System32\KERNEL32.DLL
0x00007fff22e20000 - 0x00007fff23086000 	C:\WINDOWS\System32\KERNELBASE.dll
0x00007fff25550000 - 0x00007fff255f1000 	C:\WINDOWS\System32\ADVAPI32.dll
0x00007fff24d30000 - 0x00007fff24dcd000 	C:\WINDOWS\System32\msvcrt.dll
0x00007fff230c0000 - 0x00007fff2311b000 	C:\WINDOWS\System32\sechost.dll
0x00007fff24f00000 - 0x00007fff2501f000 	C:\WINDOWS\System32\RPCRT4.dll
0x00007fff25020000 - 0x00007fff251ae000 	C:\WINDOWS\System32\USER32.dll
0x00007fff22d80000 - 0x00007fff22da0000 	C:\WINDOWS\System32\win32u.dll
0x00007fff25380000 - 0x00007fff253a8000 	C:\WINDOWS\System32\GDI32.dll
0x00007fff22340000 - 0x00007fff224d1000 	C:\WINDOWS\System32\gdi32full.dll
0x00007fff224e0000 - 0x00007fff2257b000 	C:\WINDOWS\System32\msvcp_win.dll
0x00007fff221f0000 - 0x00007fff222e6000 	C:\WINDOWS\System32\ucrtbase.dll
0x00007fff11340000 - 0x00007fff115a9000 	C:\WINDOWS\WinSxS\amd64_microsoft.windows.common-controls_6595b64144ccf1df_6.0.16299.15_none_cc92fb402215d91d\COMCTL32.dll
0x00007fff23120000 - 0x00007fff23428000 	C:\WINDOWS\System32\combase.dll
0x00007fff22da0000 - 0x00007fff22e12000 	C:\WINDOWS\System32\bcryptPrimitives.dll
0x00007fff23090000 - 0x00007fff230bd000 	C:\WINDOWS\System32\IMM32.DLL
0x000000006a770000 - 0x000000006a842000 	D:\Androidmanager\Android\Android Studio\jre\jre\bin\msvcr100.dll
0x0000000068de0000 - 0x000000006961e000 	D:\Androidmanager\Android\Android Studio\jre\jre\bin\server\jvm.dll
0x00007fff24cc0000 - 0x00007fff24cc8000 	C:\WINDOWS\System32\PSAPI.DLL
0x00007fff1ae30000 - 0x00007fff1ae53000 	C:\WINDOWS\SYSTEM32\WINMM.dll
0x00007fff1ae60000 - 0x00007fff1ae69000 	C:\WINDOWS\SYSTEM32\WSOCK32.dll
0x00007fff20bf0000 - 0x00007fff20bfa000 	C:\WINDOWS\SYSTEM32\VERSION.dll
0x00007fff25a40000 - 0x00007fff25aac000 	C:\WINDOWS\System32\WS2_32.dll
0x00007fff1aca0000 - 0x00007fff1acca000 	C:\WINDOWS\SYSTEM32\WINMMBASE.dll
0x00007fff222f0000 - 0x00007fff2233a000 	C:\WINDOWS\System32\cfgmgr32.dll
0x00007fff1ea70000 - 0x00007fff1ea7f000 	D:\Androidmanager\Android\Android Studio\jre\jre\bin\verify.dll
0x00007fff1a950000 - 0x00007fff1a979000 	D:\Androidmanager\Android\Android Studio\jre\jre\bin\java.dll
0x00007fff1aa70000 - 0x00007fff1aa86000 	D:\Androidmanager\Android\Android Studio\jre\jre\bin\zip.dll
0x00007fff23430000 - 0x00007fff24867000 	C:\WINDOWS\System32\SHELL32.dll
0x00007fff24e50000 - 0x00007fff24ef6000 	C:\WINDOWS\System32\shcore.dll
0x00007fff22630000 - 0x00007fff22d77000 	C:\WINDOWS\System32\windows.storage.dll
0x00007fff256d0000 - 0x00007fff25721000 	C:\WINDOWS\System32\shlwapi.dll
0x00007fff21f80000 - 0x00007fff21f91000 	C:\WINDOWS\System32\kernel.appcore.dll
0x00007fff21f30000 - 0x00007fff21f7c000 	C:\WINDOWS\System32\powrprof.dll
0x00007fff21f10000 - 0x00007fff21f2b000 	C:\WINDOWS\System32\profapi.dll
0x00007fff197c0000 - 0x00007fff197da000 	D:\Androidmanager\Android\Android Studio\jre\jre\bin\net.dll
0x00007fff21740000 - 0x00007fff217a6000 	C:\WINDOWS\system32\mswsock.dll
0x00007fff19500000 - 0x00007fff19511000 	D:\Androidmanager\Android\Android Studio\jre\jre\bin\nio.dll
0x00007fff19bf0000 - 0x00007fff19c0e000 	C:\Users\Meu computador\.gradle\native\25\windows-amd64\native-platform.dll
0x00007fff1ea60000 - 0x00007fff1ea6d000 	D:\Androidmanager\Android\Android Studio\jre\jre\bin\management.dll
0x00007fff21900000 - 0x00007fff21917000 	C:\WINDOWS\SYSTEM32\CRYPTSP.dll
0x00007fff21350000 - 0x00007fff21383000 	C:\WINDOWS\system32\rsaenh.dll
0x00007fff21a10000 - 0x00007fff21a35000 	C:\WINDOWS\SYSTEM32\bcrypt.dll
0x00007fff21e10000 - 0x00007fff21e39000 	C:\WINDOWS\SYSTEM32\USERENV.dll
0x00007fff21920000 - 0x00007fff2192b000 	C:\WINDOWS\SYSTEM32\CRYPTBASE.dll
0x00007fff214d0000 - 0x00007fff21509000 	C:\WINDOWS\SYSTEM32\IPHLPAPI.DLL
0x00007fff25ab0000 - 0x00007fff25ab8000 	C:\WINDOWS\System32\NSI.dll
0x00007fff18090000 - 0x00007fff180a6000 	C:\WINDOWS\SYSTEM32\dhcpcsvc6.DLL
0x00007fff18040000 - 0x00007fff1805a000 	C:\WINDOWS\SYSTEM32\dhcpcsvc.DLL
0x00007fff17c80000 - 0x00007fff17ca4000 	D:\Androidmanager\Android\Android Studio\jre\jre\bin\sunec.dll
0x00007fff21510000 - 0x00007fff215c6000 	C:\WINDOWS\SYSTEM32\DNSAPI.dll
0x00007fff17950000 - 0x00007fff1795a000 	C:\Windows\System32\rasadhlp.dll
0x00007fff18260000 - 0x00007fff182d0000 	C:\WINDOWS\System32\fwpuclnt.dll
0x00007fff1ea20000 - 0x00007fff1ea2b000 	D:\Androidmanager\Android\Android Studio\jre\jre\bin\sunmscapi.dll
0x00007fff21fc0000 - 0x00007fff2218e000 	C:\WINDOWS\System32\CRYPT32.dll
0x00007fff21fa0000 - 0x00007fff21fb2000 	C:\WINDOWS\System32\MSASN1.dll

VM Arguments:
jvm_args: -Xmx1536m -Dfile.encoding=windows-1252 -Duser.country=BR -Duser.language=pt -Duser.variant 
java_command: org.gradle.launcher.daemon.bootstrap.GradleDaemon 4.10.1
java_class_path (initial): C:\Users\Meu computador\.gradle\wrapper\dists\gradle-4.10.1-bin\4homep1wqei7q35i17vhsr7k8\gradle-4.10.1\lib\gradle-launcher-4.10.1.jar
Launcher Type: SUN_STANDARD

Environment Variables:
PATH=C:\Program Files (x86)\Common Files\Oracle\Java\javapath;C:\ProgramData\Oracle\Java\javapath;C:\Program Files (x86)\Intel\iCLS Client\;C:\Program Files\Intel\iCLS Client\;C:\WINDOWS\system32;C:\WINDOWS;C:\WINDOWS\System32\Wbem;C:\WINDOWS\System32\WindowsPowerShell\v1.0\;C:\Program Files\Intel\Intel(R) Management Engine Components\DAL;C:\Program Files\Intel\Intel(R) Management Engine Components\IPT;C:\Program Files (x86)\Intel\Intel(R) Management Engine Components\DAL;C:\Program Files (x86)\Intel\Intel(R) Management Engine Components\IPT;C:\Program Files (x86)\Windows Live\Shared;C:\Program Files (x86)\Skype\Phone\;C:\MinGW\bin;C:\WINDOWS\system32;C:\WINDOWS;C:\WINDOWS\System32\Wbem;C:\WINDOWS\System32\WindowsPowerShell\v1.0\;C:\Program Files\Git\cmd;C:\Program Files\Git\mingw64\bin;C:\Program Files\Git\usr\bin;C:\Program Files (x86)\NVIDIA Corporation\PhysX\Common;C:\Program Files\nodejs\;C:\Program Files\NVIDIA Corporation\NVIDIA NvDLISR;C:\Users\Meu computador\AppData\Local\Microsoft\WindowsApps;C:\Users\Meu computador\AppData\Local\Microsoft\WindowsApps;C:\Users\Meu computador\AppData\Roaming\npm;C:\Users\Meu computador\AppData\Local\Programs\Microsoft VS Code\bin;C:\src\flutter\bin;C:\Users\Meu computador\AppData\Local\GitHubDesktop\bin
USERNAME=Meu computador
OS=Windows_NT
PROCESSOR_IDENTIFIER=Intel64 Family 6 Model 94 Stepping 3, GenuineIntel



---------------  S Y S T E M  ---------------

OS: Windows 10.0 , 64 bit Build 16299 (10.0.16299.15)

CPU:total 4 (initial active 4) (4 cores per cpu, 1 threads per core) family 6 model 94 stepping 3, cmov, cx8, fxsr, mmx, sse, sse2, sse3, ssse3, sse4.1, sse4.2, popcnt, avx, avx2, aes, clmul, erms, rtm, 3dnowpref, lzcnt, tsc, tscinvbit, bmi1, bmi2, adx

Memory: 4k page, physical 16714984k(4653956k free), swap 20111932k(4096k free)

vm_info: OpenJDK 64-Bit Server VM (25.152-b01) for windows-amd64 JRE (1.8.0_152-release-915-b01), built by "builder" with MS VC++ 10.0 (VS2010)

time: Sun Feb 17 05:26:43 2019
elapsed time: 23 seconds (0d 0h 0m 23s)

